[2022-02-21 20:46:07,205] multiqc                                            [DEBUG  ]  This is MultiQC v1.12
[2022-02-21 20:46:07,205] multiqc                                            [DEBUG  ]  No MultiQC config found: /usr/local/lib/python3.7/dist-packages/multiqc_config.yaml
[2022-02-21 20:46:07,205] multiqc                                            [DEBUG  ]  No MultiQC config found: /root/.multiqc_config.yaml
[2022-02-21 20:46:07,205] multiqc                                            [DEBUG  ]  No MultiQC config found: multiqc_config.yaml
[2022-02-21 20:46:07,205] multiqc                                            [DEBUG  ]  Command used: /usr/local/bin/multiqc fastqc -o multiqc
[2022-02-21 20:46:12,751] multiqc                                            [DEBUG  ]  Latest MultiQC version is v1.12
[2022-02-21 20:46:12,751] multiqc                                            [DEBUG  ]  Command     : /usr/local/bin/multiqc fastqc -o multiqc
[2022-02-21 20:46:12,751] multiqc                                            [DEBUG  ]  Working dir : /content
[2022-02-21 20:46:12,751] multiqc                                            [DEBUG  ]  Template    : default
[2022-02-21 20:46:12,751] multiqc                                            [DEBUG  ]  Running Python 3.7.12 (default, Jan 15 2022, 18:48:18)  [GCC 7.5.0]
[2022-02-21 20:46:12,752] multiqc                                            [DEBUG  ]  Analysing modules: custom_content, ccs, ngsderive, purple, conpair, lima, peddy, somalier, methylQA, mosdepth, phantompeakqualtools, qualimap, preseq, quast, qorts, rna_seqc, rockhopper, rsem, rseqc, busco, bustools, goleft_indexcov, gffcompare, disambiguate, supernova, deeptools, sargasso, verifybamid, mirtrace, happy, mirtop, sambamba, homer, hops, macs2, theta2, snpeff, gatk, htseq, bcftools, featureCounts, fgbio, dragen, dedup, pbmarkdup, damageprofiler, biobambam2, jcvi, mtnucratio, picard, vep, sentieon, prokka, qc3C, nanostat, samblaster, samtools, sexdeterrmine, eigenstratdatabasetools, bamtools, jellyfish, vcftools, longranger, stacks, varscan2, snippy, bbmap, bismark, biscuit, hicexplorer, hicup, hicpro, salmon, kallisto, slamdunk, star, hisat2, tophat, bowtie2, bowtie1, snpsplit, odgi, pangolin, kat, leehom, adapterRemoval, clipandmerge, cutadapt, flexbar, kaiju, kraken, malt, trimmomatic, sickle, skewer, sortmerna, biobloomtools, fastq_screen, afterqc, fastp, fastqc, pychopper, pycoqc, minionqc, multivcfanalyzer, clusterflow, checkqc, bcl2fastq, bclconvert, interop, ivar, flash, seqyclean, optitype, whatshap
[2022-02-21 20:46:12,752] multiqc                                            [DEBUG  ]  Using temporary directory for creating report: /tmp/tmpafr8dl4s
[2022-02-21 20:46:12,947] multiqc                                            [INFO   ]  Search path : /content/fastqc
[2022-02-21 20:46:12,998] multiqc                                            [DEBUG  ]  File ignored by ccs/v4 because it exceeded search pattern filesize limit: SRR3824222_1_fastqc.html
[2022-02-21 20:46:13,000] multiqc                                            [DEBUG  ]  File ignored by hicexplorer because it exceeded search pattern filesize limit: SRR3824222_1_fastqc.html
[2022-02-21 20:46:13,000] multiqc                                            [DEBUG  ]  File ignored by lima/summary because it exceeded search pattern filesize limit: SRR3824222_1_fastqc.html
[2022-02-21 20:46:13,003] multiqc                                            [DEBUG  ]  File ignored by vep/vep_txt because it exceeded search pattern filesize limit: SRR3824222_1_fastqc.html
[2022-02-21 20:46:13,003] multiqc                                            [DEBUG  ]  File ignored by longranger/invocation because it exceeded search pattern filesize limit: SRR3824222_1_fastqc.html
[2022-02-21 20:46:13,003] multiqc                                            [DEBUG  ]  File ignored by rockhopper because it exceeded search pattern filesize limit: SRR3824222_1_fastqc.html
[2022-02-21 20:46:13,003] multiqc                                            [DEBUG  ]  File ignored by rseqc/bam_stat because it exceeded search pattern filesize limit: SRR3824222_1_fastqc.html
[2022-02-21 20:46:13,003] multiqc                                            [DEBUG  ]  File ignored by rseqc/junction_annotation because it exceeded search pattern filesize limit: SRR3824222_1_fastqc.html
[2022-02-21 20:46:13,004] multiqc                                            [DEBUG  ]  File ignored by rseqc/read_distribution because it exceeded search pattern filesize limit: SRR3824222_1_fastqc.html
[2022-02-21 20:46:13,004] multiqc                                            [DEBUG  ]  File ignored by rseqc/infer_experiment because it exceeded search pattern filesize limit: SRR3824222_1_fastqc.html
[2022-02-21 20:46:13,083] multiqc                                            [DEBUG  ]  File ignored by nanostat because it exceeded search pattern filesize limit: SRR3824222_1_fastqc.html
[2022-02-21 20:46:13,096] multiqc                                            [DEBUG  ]  File ignored by ccs/v4 because it exceeded search pattern filesize limit: SRR5836473_2_fastqc.html
[2022-02-21 20:46:13,097] multiqc                                            [DEBUG  ]  File ignored by hicexplorer because it exceeded search pattern filesize limit: SRR5836473_2_fastqc.html
[2022-02-21 20:46:13,098] multiqc                                            [DEBUG  ]  File ignored by lima/summary because it exceeded search pattern filesize limit: SRR5836473_2_fastqc.html
[2022-02-21 20:46:13,099] multiqc                                            [DEBUG  ]  File ignored by vep/vep_txt because it exceeded search pattern filesize limit: SRR5836473_2_fastqc.html
[2022-02-21 20:46:13,100] multiqc                                            [DEBUG  ]  File ignored by longranger/invocation because it exceeded search pattern filesize limit: SRR5836473_2_fastqc.html
[2022-02-21 20:46:13,100] multiqc                                            [DEBUG  ]  File ignored by rockhopper because it exceeded search pattern filesize limit: SRR5836473_2_fastqc.html
[2022-02-21 20:46:13,100] multiqc                                            [DEBUG  ]  File ignored by rseqc/bam_stat because it exceeded search pattern filesize limit: SRR5836473_2_fastqc.html
[2022-02-21 20:46:13,100] multiqc                                            [DEBUG  ]  File ignored by rseqc/junction_annotation because it exceeded search pattern filesize limit: SRR5836473_2_fastqc.html
[2022-02-21 20:46:13,100] multiqc                                            [DEBUG  ]  File ignored by rseqc/read_distribution because it exceeded search pattern filesize limit: SRR5836473_2_fastqc.html
[2022-02-21 20:46:13,100] multiqc                                            [DEBUG  ]  File ignored by rseqc/infer_experiment because it exceeded search pattern filesize limit: SRR5836473_2_fastqc.html
[2022-02-21 20:46:13,170] multiqc                                            [DEBUG  ]  File ignored by nanostat because it exceeded search pattern filesize limit: SRR5836473_2_fastqc.html
[2022-02-21 20:46:13,178] multiqc                                            [DEBUG  ]  File ignored by ccs/v4 because it exceeded search pattern filesize limit: SRR5836475_2_fastqc.html
[2022-02-21 20:46:13,179] multiqc                                            [DEBUG  ]  File ignored by hicexplorer because it exceeded search pattern filesize limit: SRR5836475_2_fastqc.html
[2022-02-21 20:46:13,179] multiqc                                            [DEBUG  ]  File ignored by lima/summary because it exceeded search pattern filesize limit: SRR5836475_2_fastqc.html
[2022-02-21 20:46:13,181] multiqc                                            [DEBUG  ]  File ignored by vep/vep_txt because it exceeded search pattern filesize limit: SRR5836475_2_fastqc.html
[2022-02-21 20:46:13,181] multiqc                                            [DEBUG  ]  File ignored by longranger/invocation because it exceeded search pattern filesize limit: SRR5836475_2_fastqc.html
[2022-02-21 20:46:13,181] multiqc                                            [DEBUG  ]  File ignored by rockhopper because it exceeded search pattern filesize limit: SRR5836475_2_fastqc.html
[2022-02-21 20:46:13,181] multiqc                                            [DEBUG  ]  File ignored by rseqc/bam_stat because it exceeded search pattern filesize limit: SRR5836475_2_fastqc.html
[2022-02-21 20:46:13,182] multiqc                                            [DEBUG  ]  File ignored by rseqc/junction_annotation because it exceeded search pattern filesize limit: SRR5836475_2_fastqc.html
[2022-02-21 20:46:13,182] multiqc                                            [DEBUG  ]  File ignored by rseqc/read_distribution because it exceeded search pattern filesize limit: SRR5836475_2_fastqc.html
[2022-02-21 20:46:13,182] multiqc                                            [DEBUG  ]  File ignored by rseqc/infer_experiment because it exceeded search pattern filesize limit: SRR5836475_2_fastqc.html
[2022-02-21 20:46:13,256] multiqc                                            [DEBUG  ]  File ignored by nanostat because it exceeded search pattern filesize limit: SRR5836475_2_fastqc.html
[2022-02-21 20:46:13,264] multiqc                                            [DEBUG  ]  File ignored by ccs/v4 because it exceeded search pattern filesize limit: SRR5836475_1_fastqc.html
[2022-02-21 20:46:13,265] multiqc                                            [DEBUG  ]  File ignored by hicexplorer because it exceeded search pattern filesize limit: SRR5836475_1_fastqc.html
[2022-02-21 20:46:13,265] multiqc                                            [DEBUG  ]  File ignored by lima/summary because it exceeded search pattern filesize limit: SRR5836475_1_fastqc.html
[2022-02-21 20:46:13,267] multiqc                                            [DEBUG  ]  File ignored by vep/vep_txt because it exceeded search pattern filesize limit: SRR5836475_1_fastqc.html
[2022-02-21 20:46:13,267] multiqc                                            [DEBUG  ]  File ignored by longranger/invocation because it exceeded search pattern filesize limit: SRR5836475_1_fastqc.html
[2022-02-21 20:46:13,267] multiqc                                            [DEBUG  ]  File ignored by rockhopper because it exceeded search pattern filesize limit: SRR5836475_1_fastqc.html
[2022-02-21 20:46:13,267] multiqc                                            [DEBUG  ]  File ignored by rseqc/bam_stat because it exceeded search pattern filesize limit: SRR5836475_1_fastqc.html
[2022-02-21 20:46:13,267] multiqc                                            [DEBUG  ]  File ignored by rseqc/junction_annotation because it exceeded search pattern filesize limit: SRR5836475_1_fastqc.html
[2022-02-21 20:46:13,267] multiqc                                            [DEBUG  ]  File ignored by rseqc/read_distribution because it exceeded search pattern filesize limit: SRR5836475_1_fastqc.html
[2022-02-21 20:46:13,267] multiqc                                            [DEBUG  ]  File ignored by rseqc/infer_experiment because it exceeded search pattern filesize limit: SRR5836475_1_fastqc.html
[2022-02-21 20:46:13,337] multiqc                                            [DEBUG  ]  File ignored by nanostat because it exceeded search pattern filesize limit: SRR5836475_1_fastqc.html
[2022-02-21 20:46:13,347] multiqc                                            [DEBUG  ]  File ignored by ccs/v4 because it exceeded search pattern filesize limit: SRR5836473_1_fastqc.html
[2022-02-21 20:46:13,348] multiqc                                            [DEBUG  ]  File ignored by hicexplorer because it exceeded search pattern filesize limit: SRR5836473_1_fastqc.html
[2022-02-21 20:46:13,348] multiqc                                            [DEBUG  ]  File ignored by lima/summary because it exceeded search pattern filesize limit: SRR5836473_1_fastqc.html
[2022-02-21 20:46:13,349] multiqc                                            [DEBUG  ]  File ignored by vep/vep_txt because it exceeded search pattern filesize limit: SRR5836473_1_fastqc.html
[2022-02-21 20:46:13,350] multiqc                                            [DEBUG  ]  File ignored by longranger/invocation because it exceeded search pattern filesize limit: SRR5836473_1_fastqc.html
[2022-02-21 20:46:13,350] multiqc                                            [DEBUG  ]  File ignored by rockhopper because it exceeded search pattern filesize limit: SRR5836473_1_fastqc.html
[2022-02-21 20:46:13,350] multiqc                                            [DEBUG  ]  File ignored by rseqc/bam_stat because it exceeded search pattern filesize limit: SRR5836473_1_fastqc.html
[2022-02-21 20:46:13,350] multiqc                                            [DEBUG  ]  File ignored by rseqc/junction_annotation because it exceeded search pattern filesize limit: SRR5836473_1_fastqc.html
[2022-02-21 20:46:13,350] multiqc                                            [DEBUG  ]  File ignored by rseqc/read_distribution because it exceeded search pattern filesize limit: SRR5836473_1_fastqc.html
[2022-02-21 20:46:13,350] multiqc                                            [DEBUG  ]  File ignored by rseqc/infer_experiment because it exceeded search pattern filesize limit: SRR5836473_1_fastqc.html
[2022-02-21 20:46:13,420] multiqc                                            [DEBUG  ]  File ignored by nanostat because it exceeded search pattern filesize limit: SRR5836473_1_fastqc.html
[2022-02-21 20:46:13,429] multiqc                                            [DEBUG  ]  File ignored by ccs/v4 because it exceeded search pattern filesize limit: SRR3824222_2_fastqc.html
[2022-02-21 20:46:13,430] multiqc                                            [DEBUG  ]  File ignored by hicexplorer because it exceeded search pattern filesize limit: SRR3824222_2_fastqc.html
[2022-02-21 20:46:13,430] multiqc                                            [DEBUG  ]  File ignored by lima/summary because it exceeded search pattern filesize limit: SRR3824222_2_fastqc.html
[2022-02-21 20:46:13,431] multiqc                                            [DEBUG  ]  File ignored by vep/vep_txt because it exceeded search pattern filesize limit: SRR3824222_2_fastqc.html
[2022-02-21 20:46:13,432] multiqc                                            [DEBUG  ]  File ignored by longranger/invocation because it exceeded search pattern filesize limit: SRR3824222_2_fastqc.html
[2022-02-21 20:46:13,432] multiqc                                            [DEBUG  ]  File ignored by rockhopper because it exceeded search pattern filesize limit: SRR3824222_2_fastqc.html
[2022-02-21 20:46:13,432] multiqc                                            [DEBUG  ]  File ignored by rseqc/bam_stat because it exceeded search pattern filesize limit: SRR3824222_2_fastqc.html
[2022-02-21 20:46:13,432] multiqc                                            [DEBUG  ]  File ignored by rseqc/junction_annotation because it exceeded search pattern filesize limit: SRR3824222_2_fastqc.html
[2022-02-21 20:46:13,432] multiqc                                            [DEBUG  ]  File ignored by rseqc/read_distribution because it exceeded search pattern filesize limit: SRR3824222_2_fastqc.html
[2022-02-21 20:46:13,432] multiqc                                            [DEBUG  ]  File ignored by rseqc/infer_experiment because it exceeded search pattern filesize limit: SRR3824222_2_fastqc.html
[2022-02-21 20:46:13,507] multiqc                                            [DEBUG  ]  File ignored by nanostat because it exceeded search pattern filesize limit: SRR3824222_2_fastqc.html
[2022-02-21 20:46:14,053] multiqc.plots.linegraph                            [DEBUG  ]  Using matplotlib version 3.2.2
[2022-02-21 20:46:14,056] multiqc.plots.bargraph                             [DEBUG  ]  Using matplotlib version 3.2.2
[2022-02-21 20:46:14,145] multiqc.modules.fastqc.fastqc                      [INFO   ]  Found 6 reports
[2022-02-21 20:46:14,314] multiqc                                            [INFO   ]  Compressing plot data
[2022-02-21 20:46:14,426] multiqc                                            [INFO   ]  Report      : multiqc/multiqc_report.html
[2022-02-21 20:46:14,426] multiqc                                            [INFO   ]  Data        : multiqc/multiqc_data
[2022-02-21 20:46:14,426] multiqc                                            [DEBUG  ]  Moving data file from '/tmp/tmpafr8dl4s/multiqc_data' to 'multiqc/multiqc_data'
[2022-02-21 20:46:14,592] multiqc                                            [INFO   ]  MultiQC complete
